[     381ms] [WARNING] Missing translation key: navigation:Pricing @ http://localhost:3000/src/contexts/LanguageContext.tsx:155
[     381ms] [WARNING] Missing translation key: navigation:Documentation @ http://localhost:3000/src/contexts/LanguageContext.tsx:155
[     381ms] [WARNING] Missing translation key: sidebar:sidebar.coin_ratings @ http://localhost:3000/src/contexts/LanguageContext.tsx:155
[     381ms] [WARNING] Missing translation key: sidebar:sidebar.ido_ratings @ http://localhost:3000/src/contexts/LanguageContext.tsx:155
[     381ms] [WARNING] Missing translation key: sidebar:sidebar.top_launchpads @ http://localhost:3000/src/contexts/LanguageContext.tsx:155
[     381ms] [WARNING] Missing translation key: sidebar:sidebar.compare_coins @ http://localhost:3000/src/contexts/LanguageContext.tsx:155
[     381ms] [WARNING] Missing translation key: sidebar:sidebar.my_watchlist @ http://localhost:3000/src/contexts/LanguageContext.tsx:155
[     381ms] [WARNING] Missing translation key: sidebar:sidebar.ai_portfolio_generator @ http://localhost:3000/src/contexts/LanguageContext.tsx:155
[     381ms] [WARNING] Missing translation key: sidebar:sidebar.ai_portfolio_audit @ http://localhost:3000/src/contexts/LanguageContext.tsx:155
[     381ms] [WARNING] Missing translation key: sidebar:sidebar.community @ http://localhost:3000/src/contexts/LanguageContext.tsx:155
[     381ms] [WARNING] Missing translation key: sidebar:sidebar.coinscout_academy @ http://localhost:3000/src/contexts/LanguageContext.tsx:155
[     381ms] [WARNING] Missing translation key: sidebar:sidebar.documentation @ http://localhost:3000/src/contexts/LanguageContext.tsx:155
[     381ms] [WARNING] Missing translation key: sidebar:sidebar.roadmap @ http://localhost:3000/src/contexts/LanguageContext.tsx:155
[     381ms] [WARNING] Missing translation key: navigation:pricing @ http://localhost:3000/src/contexts/LanguageContext.tsx:155
[     381ms] [WARNING] Missing translation key: navigation:login @ http://localhost:3000/src/contexts/LanguageContext.tsx:155
[     381ms] [WARNING] Missing translation key: navigation:signUp @ http://localhost:3000/src/contexts/LanguageContext.tsx:155
[     381ms] [WARNING] Missing translation key: navigation:Pricing @ http://localhost:3000/src/contexts/LanguageContext.tsx:155
[     381ms] [WARNING] Missing translation key: navigation:Documentation @ http://localhost:3000/src/contexts/LanguageContext.tsx:155
[     381ms] [WARNING] Missing translation key: sidebar:sidebar.coin_ratings @ http://localhost:3000/src/contexts/LanguageContext.tsx:155
[     381ms] [WARNING] Missing translation key: sidebar:sidebar.ido_ratings @ http://localhost:3000/src/contexts/LanguageContext.tsx:155
[     381ms] [WARNING] Missing translation key: sidebar:sidebar.top_launchpads @ http://localhost:3000/src/contexts/LanguageContext.tsx:155
[     381ms] [WARNING] Missing translation key: sidebar:sidebar.compare_coins @ http://localhost:3000/src/contexts/LanguageContext.tsx:155
[     381ms] [WARNING] Missing translation key: sidebar:sidebar.my_watchlist @ http://localhost:3000/src/contexts/LanguageContext.tsx:155
[     381ms] [WARNING] Missing translation key: sidebar:sidebar.ai_portfolio_generator @ http://localhost:3000/src/contexts/LanguageContext.tsx:155
[     381ms] [WARNING] Missing translation key: sidebar:sidebar.ai_portfolio_audit @ http://localhost:3000/src/contexts/LanguageContext.tsx:155
[     381ms] [WARNING] Missing translation key: sidebar:sidebar.community @ http://localhost:3000/src/contexts/LanguageContext.tsx:155
[     381ms] [WARNING] Missing translation key: sidebar:sidebar.coinscout_academy @ http://localhost:3000/src/contexts/LanguageContext.tsx:155
[     381ms] [WARNING] Missing translation key: sidebar:sidebar.documentation @ http://localhost:3000/src/contexts/LanguageContext.tsx:155
[     381ms] [WARNING] Missing translation key: sidebar:sidebar.roadmap @ http://localhost:3000/src/contexts/LanguageContext.tsx:155
[     381ms] [WARNING] Missing translation key: navigation:pricing @ http://localhost:3000/src/contexts/LanguageContext.tsx:155
[     381ms] [WARNING] Missing translation key: navigation:login @ http://localhost:3000/src/contexts/LanguageContext.tsx:155
[     381ms] [WARNING] Missing translation key: navigation:signUp @ http://localhost:3000/src/contexts/LanguageContext.tsx:155
[     381ms] [WARNING] Missing translation key: navigation:goToHomepage @ http://localhost:3000/src/contexts/LanguageContext.tsx:155
[     381ms] [WARNING] Missing translation key: navigation:coinScoutAlt @ http://localhost:3000/src/contexts/LanguageContext.tsx:155
[     381ms] [WARNING] Missing translation key: navigation:goToHomepage @ http://localhost:3000/src/contexts/LanguageContext.tsx:155
[     381ms] [WARNING] Missing translation key: navigation:coinScoutAlt @ http://localhost:3000/src/contexts/LanguageContext.tsx:155
[     382ms] [WARNING] Missing translation key: common:sidebar.my_watchlist @ http://localhost:3000/src/contexts/LanguageContext.tsx:155
[     382ms] [WARNING] Missing translation key: common:sidebar.ai_portfolio_audit @ http://localhost:3000/src/contexts/LanguageContext.tsx:155
[     382ms] [WARNING] Missing translation key: common:sidebar.ai_portfolio_generator @ http://localhost:3000/src/contexts/LanguageContext.tsx:155
[     382ms] [WARNING] Missing translation key: common:sidebar.compare_coins @ http://localhost:3000/src/contexts/LanguageContext.tsx:155
[     382ms] [WARNING] Missing translation key: common:sidebar.top_launchpads @ http://localhost:3000/src/contexts/LanguageContext.tsx:155
[     382ms] [WARNING] Missing translation key: common:sidebar.airdrops_hub @ http://localhost:3000/src/contexts/LanguageContext.tsx:155
[     382ms] [WARNING] Missing translation key: common:sidebar.ai_assistant @ http://localhost:3000/src/contexts/LanguageContext.tsx:155
[     382ms] [WARNING] Missing translation key: common:sidebar.ai_research @ http://localhost:3000/src/contexts/LanguageContext.tsx:155
[     382ms] [WARNING] Missing translation key: common:sidebar.my_watchlist @ http://localhost:3000/src/contexts/LanguageContext.tsx:155
[     382ms] [WARNING] Missing translation key: common:sidebar.ai_portfolio_audit @ http://localhost:3000/src/contexts/LanguageContext.tsx:155
[     382ms] [WARNING] Missing translation key: common:sidebar.ai_portfolio_generator @ http://localhost:3000/src/contexts/LanguageContext.tsx:155
[     382ms] [WARNING] Missing translation key: common:sidebar.compare_coins @ http://localhost:3000/src/contexts/LanguageContext.tsx:155
[     382ms] [WARNING] Missing translation key: common:sidebar.top_launchpads @ http://localhost:3000/src/contexts/LanguageContext.tsx:155
[     382ms] [WARNING] Missing translation key: common:sidebar.airdrops_hub @ http://localhost:3000/src/contexts/LanguageContext.tsx:155
[     382ms] [WARNING] Missing translation key: common:sidebar.ai_assistant @ http://localhost:3000/src/contexts/LanguageContext.tsx:155
[     382ms] [WARNING] Missing translation key: common:sidebar.ai_research @ http://localhost:3000/src/contexts/LanguageContext.tsx:155
[     382ms] [WARNING] Missing translation key: common:footer:subcategories.discovery @ http://localhost:3000/src/contexts/LanguageContext.tsx:155
[     382ms] [WARNING] Missing translation key: common:footer:links.coinRatings @ http://localhost:3000/src/contexts/LanguageContext.tsx:155
[     382ms] [WARNING] Missing translation key: common:footer:links.gemHunter @ http://localhost:3000/src/contexts/LanguageContext.tsx:155
[     382ms] [WARNING] Missing translation key: common:footer:links.idoLaunchpads @ http://localhost:3000/src/contexts/LanguageContext.tsx:155
[     382ms] [WARNING] Missing translation key: common:footer:links.compareCoins @ http://localhost:3000/src/contexts/LanguageContext.tsx:155
[     382ms] [WARNING] Missing translation key: common:footer:subcategories.theEdge @ http://localhost:3000/src/contexts/LanguageContext.tsx:155
[     382ms] [WARNING] Missing translation key: common:footer:links.smartMoneyRadar @ http://localhost:3000/src/contexts/LanguageContext.tsx:155
[     382ms] [WARNING] Missing translation key: common:footer:links.squeezeRadar @ http://localhost:3000/src/contexts/LanguageContext.tsx:155
[     382ms] [WARNING] Missing translation key: common:footer:links.fundingYieldHunter @ http://localhost:3000/src/contexts/LanguageContext.tsx:155
[     382ms] [WARNING] Missing translation key: common:footer:links.houseLiquidityIndex @ http://localhost:3000/src/contexts/LanguageContext.tsx:155
[     382ms] [WARNING] Missing translation key: common:footer:subcategories.action @ http://localhost:3000/src/contexts/LanguageContext.tsx:155
[     382ms] [WARNING] Missing translation key: common:footer:links.aiPortfolioGenerator @ http://localhost:3000/src/contexts/LanguageContext.tsx:155
[     382ms] [WARNING] Missing translation key: common:footer:links.smartVaults @ http://localhost:3000/src/contexts/LanguageContext.tsx:155
[     383ms] [WARNING] Missing translation key: common:footer:links.oneClickHedge @ http://localhost:3000/src/contexts/LanguageContext.tsx:155
[     383ms] [WARNING] Missing translation key: common:footer:links.academy @ http://localhost:3000/src/contexts/LanguageContext.tsx:155
[     383ms] [WARNING] Missing translation key: common:footer:links.documentation @ http://localhost:3000/src/contexts/LanguageContext.tsx:155
[     383ms] [WARNING] Missing translation key: common:footer:links.roadmap @ http://localhost:3000/src/contexts/LanguageContext.tsx:155
[     383ms] [WARNING] Missing translation key: common:footer:links.faq @ http://localhost:3000/src/contexts/LanguageContext.tsx:155
[     383ms] [WARNING] Missing translation key: common:footer:links.apiDocumentation @ http://localhost:3000/src/contexts/LanguageContext.tsx:155
[     383ms] [WARNING] Missing translation key: common:footer:links.telegram @ http://localhost:3000/src/contexts/LanguageContext.tsx:155
[     383ms] [WARNING] Missing translation key: common:footer:links.discord @ http://localhost:3000/src/contexts/LanguageContext.tsx:155
[     383ms] [WARNING] Missing translation key: common:footer:links.twitter @ http://localhost:3000/src/contexts/LanguageContext.tsx:155
[     383ms] [WARNING] Missing translation key: common:footer:links.publicPortfolios @ http://localhost:3000/src/contexts/LanguageContext.tsx:155
[     383ms] [WARNING] Missing translation key: common:footer:links.communityGuidelines @ http://localhost:3000/src/contexts/LanguageContext.tsx:155
[     383ms] [WARNING] Missing translation key: common:footer:links.userTestimonials @ http://localhost:3000/src/contexts/LanguageContext.tsx:155
[     383ms] [WARNING] Missing translation key: common:footer:links.privacyPolicy @ http://localhost:3000/src/contexts/LanguageContext.tsx:155
[     383ms] [WARNING] Missing translation key: common:footer:links.termsOfService @ http://localhost:3000/src/contexts/LanguageContext.tsx:155
[     383ms] [WARNING] Missing translation key: common:footer:links.cookiePolicy @ http://localhost:3000/src/contexts/LanguageContext.tsx:155
[     383ms] [WARNING] Missing translation key: common:footer:links.disclaimer @ http://localhost:3000/src/contexts/LanguageContext.tsx:155
[     383ms] [WARNING] Missing translation key: common:footer:links.advertisingPolicy @ http://localhost:3000/src/contexts/LanguageContext.tsx:155
[     383ms] [WARNING] Missing translation key: common:footer:links.careers @ http://localhost:3000/src/contexts/LanguageContext.tsx:155
[     383ms] [WARNING] Missing translation key: common:footer:description @ http://localhost:3000/src/contexts/LanguageContext.tsx:155
[     383ms] [WARNING] Missing translation key: common:footer:categories.product @ http://localhost:3000/src/contexts/LanguageContext.tsx:155
[     383ms] [WARNING] Missing translation key: common:footer:links.soon @ http://localhost:3000/src/contexts/LanguageContext.tsx:155
[     383ms] [WARNING] Missing translation key: common:footer:links.soon @ http://localhost:3000/src/contexts/LanguageContext.tsx:155
[     383ms] [WARNING] Missing translation key: common:footer:links.soon @ http://localhost:3000/src/contexts/LanguageContext.tsx:155
[     383ms] [WARNING] Missing translation key: common:footer:categories.learn @ http://localhost:3000/src/contexts/LanguageContext.tsx:155
[     383ms] [WARNING] Missing translation key: common:footer:links.soon @ http://localhost:3000/src/contexts/LanguageContext.tsx:155
[     383ms] [WARNING] Missing translation key: common:footer:links.soon @ http://localhost:3000/src/contexts/LanguageContext.tsx:155
[     383ms] [WARNING] Missing translation key: common:footer:categories.community @ http://localhost:3000/src/contexts/LanguageContext.tsx:155
[     383ms] [WARNING] Missing translation key: common:footer:links.soon @ http://localhost:3000/src/contexts/LanguageContext.tsx:155
[     383ms] [WARNING] Missing translation key: common:footer:links.soon @ http://localhost:3000/src/contexts/LanguageContext.tsx:155
[     383ms] [WARNING] Missing translation key: common:footer:categories.legal @ http://localhost:3000/src/contexts/LanguageContext.tsx:155
[     383ms] [WARNING] Missing translation key: common:footer:allRightsReserved @ http://localhost:3000/src/contexts/LanguageContext.tsx:155
[     383ms] [WARNING] Missing translation key: common:footer:subcategories.discovery @ http://localhost:3000/src/contexts/LanguageContext.tsx:155
[     383ms] [WARNING] Missing translation key: common:footer:links.coinRatings @ http://localhost:3000/src/contexts/LanguageContext.tsx:155
[     383ms] [WARNING] Missing translation key: common:footer:links.gemHunter @ http://localhost:3000/src/contexts/LanguageContext.tsx:155
[     383ms] [WARNING] Missing translation key: common:footer:links.idoLaunchpads @ http://localhost:3000/src/contexts/LanguageContext.tsx:155
[     383ms] [WARNING] Missing translation key: common:footer:links.compareCoins @ http://localhost:3000/src/contexts/LanguageContext.tsx:155
[     383ms] [WARNING] Missing translation key: common:footer:subcategories.theEdge @ http://localhost:3000/src/contexts/LanguageContext.tsx:155
[     383ms] [WARNING] Missing translation key: common:footer:links.smartMoneyRadar @ http://localhost:3000/src/contexts/LanguageContext.tsx:155
[     383ms] [WARNING] Missing translation key: common:footer:links.squeezeRadar @ http://localhost:3000/src/contexts/LanguageContext.tsx:155
[     383ms] [WARNING] Missing translation key: common:footer:links.fundingYieldHunter @ http://localhost:3000/src/contexts/LanguageContext.tsx:155
[     383ms] [WARNING] Missing translation key: common:footer:links.houseLiquidityIndex @ http://localhost:3000/src/contexts/LanguageContext.tsx:155
[     383ms] [WARNING] Missing translation key: common:footer:subcategories.action @ http://localhost:3000/src/contexts/LanguageContext.tsx:155
[     383ms] [WARNING] Missing translation key: common:footer:links.aiPortfolioGenerator @ http://localhost:3000/src/contexts/LanguageContext.tsx:155
[     383ms] [WARNING] Missing translation key: common:footer:links.smartVaults @ http://localhost:3000/src/contexts/LanguageContext.tsx:155
[     383ms] [WARNING] Missing translation key: common:footer:links.oneClickHedge @ http://localhost:3000/src/contexts/LanguageContext.tsx:155
[     383ms] [WARNING] Missing translation key: common:footer:links.academy @ http://localhost:3000/src/contexts/LanguageContext.tsx:155
[     383ms] [WARNING] Missing translation key: common:footer:links.documentation @ http://localhost:3000/src/contexts/LanguageContext.tsx:155
[     383ms] [WARNING] Missing translation key: common:footer:links.roadmap @ http://localhost:3000/src/contexts/LanguageContext.tsx:155
[     383ms] [WARNING] Missing translation key: common:footer:links.faq @ http://localhost:3000/src/contexts/LanguageContext.tsx:155
[     383ms] [WARNING] Missing translation key: common:footer:links.apiDocumentation @ http://localhost:3000/src/contexts/LanguageContext.tsx:155
[     383ms] [WARNING] Missing translation key: common:footer:links.telegram @ http://localhost:3000/src/contexts/LanguageContext.tsx:155
[     383ms] [WARNING] Missing translation key: common:footer:links.discord @ http://localhost:3000/src/contexts/LanguageContext.tsx:155
[     383ms] [WARNING] Missing translation key: common:footer:links.twitter @ http://localhost:3000/src/contexts/LanguageContext.tsx:155
[     383ms] [WARNING] Missing translation key: common:footer:links.publicPortfolios @ http://localhost:3000/src/contexts/LanguageContext.tsx:155
[     383ms] [WARNING] Missing translation key: common:footer:links.communityGuidelines @ http://localhost:3000/src/contexts/LanguageContext.tsx:155
[     383ms] [WARNING] Missing translation key: common:footer:links.userTestimonials @ http://localhost:3000/src/contexts/LanguageContext.tsx:155
[     383ms] [WARNING] Missing translation key: common:footer:links.privacyPolicy @ http://localhost:3000/src/contexts/LanguageContext.tsx:155
[     383ms] [WARNING] Missing translation key: common:footer:links.termsOfService @ http://localhost:3000/src/contexts/LanguageContext.tsx:155
[     383ms] [WARNING] Missing translation key: common:footer:links.cookiePolicy @ http://localhost:3000/src/contexts/LanguageContext.tsx:155
[     383ms] [WARNING] Missing translation key: common:footer:links.disclaimer @ http://localhost:3000/src/contexts/LanguageContext.tsx:155
[     383ms] [WARNING] Missing translation key: common:footer:links.advertisingPolicy @ http://localhost:3000/src/contexts/LanguageContext.tsx:155
[     383ms] [WARNING] Missing translation key: common:footer:links.careers @ http://localhost:3000/src/contexts/LanguageContext.tsx:155
[     383ms] [WARNING] Missing translation key: common:footer:description @ http://localhost:3000/src/contexts/LanguageContext.tsx:155
[     383ms] [WARNING] Missing translation key: common:footer:categories.product @ http://localhost:3000/src/contexts/LanguageContext.tsx:155
[     383ms] [WARNING] Missing translation key: common:footer:links.soon @ http://localhost:3000/src/contexts/LanguageContext.tsx:155
[     383ms] [WARNING] Missing translation key: common:footer:links.soon @ http://localhost:3000/src/contexts/LanguageContext.tsx:155
[     383ms] [WARNING] Missing translation key: common:footer:links.soon @ http://localhost:3000/src/contexts/LanguageContext.tsx:155
[     383ms] [WARNING] Missing translation key: common:footer:categories.learn @ http://localhost:3000/src/contexts/LanguageContext.tsx:155
[     383ms] [WARNING] Missing translation key: common:footer:links.soon @ http://localhost:3000/src/contexts/LanguageContext.tsx:155
[     383ms] [WARNING] Missing translation key: common:footer:links.soon @ http://localhost:3000/src/contexts/LanguageContext.tsx:155
[     383ms] [WARNING] Missing translation key: common:footer:categories.community @ http://localhost:3000/src/contexts/LanguageContext.tsx:155
[     383ms] [WARNING] Missing translation key: common:footer:links.soon @ http://localhost:3000/src/contexts/LanguageContext.tsx:155
[     383ms] [WARNING] Missing translation key: common:footer:links.soon @ http://localhost:3000/src/contexts/LanguageContext.tsx:155
[     383ms] [WARNING] Missing translation key: common:footer:categories.legal @ http://localhost:3000/src/contexts/LanguageContext.tsx:155
[     383ms] [WARNING] Missing translation key: common:footer:allRightsReserved @ http://localhost:3000/src/contexts/LanguageContext.tsx:155
[     383ms] [WARNING] Missing translation key: common:subscriptionModal.title @ http://localhost:3000/src/contexts/LanguageContext.tsx:155
[     383ms] [WARNING] Missing translation key: common:subscriptionModal.defaultMessage @ http://localhost:3000/src/contexts/LanguageContext.tsx:155
[     383ms] [WARNING] Missing translation key: common:subscriptionModal.currentPlan @ http://localhost:3000/src/contexts/LanguageContext.tsx:155
[     383ms] [WARNING] Missing translation key: common:subscriptionModal.viewPricingPlans @ http://localhost:3000/src/contexts/LanguageContext.tsx:155
[     383ms] [WARNING] Missing translation key: common:subscriptionModal.upgradeNote @ http://localhost:3000/src/contexts/LanguageContext.tsx:155
[     383ms] [WARNING] Missing translation key: common:subscriptionModal.title @ http://localhost:3000/src/contexts/LanguageContext.tsx:155
[     383ms] [WARNING] Missing translation key: common:subscriptionModal.defaultMessage @ http://localhost:3000/src/contexts/LanguageContext.tsx:155
[     383ms] [WARNING] Missing translation key: common:subscriptionModal.currentPlan @ http://localhost:3000/src/contexts/LanguageContext.tsx:155
[     384ms] [WARNING] Missing translation key: common:subscriptionModal.viewPricingPlans @ http://localhost:3000/src/contexts/LanguageContext.tsx:155
[     384ms] [WARNING] Missing translation key: common:subscriptionModal.upgradeNote @ http://localhost:3000/src/contexts/LanguageContext.tsx:155
[     397ms] [WARNING] Missing translation key: navigation:Pricing @ http://localhost:3000/src/contexts/LanguageContext.tsx:155
[     397ms] [WARNING] Missing translation key: navigation:Documentation @ http://localhost:3000/src/contexts/LanguageContext.tsx:155
[     397ms] [WARNING] Missing translation key: navigation:pricing @ http://localhost:3000/src/contexts/LanguageContext.tsx:155
[     397ms] [WARNING] Missing translation key: navigation:login @ http://localhost:3000/src/contexts/LanguageContext.tsx:155
[     397ms] [WARNING] Missing translation key: navigation:signUp @ http://localhost:3000/src/contexts/LanguageContext.tsx:155
[     397ms] [WARNING] Missing translation key: navigation:Pricing @ http://localhost:3000/src/contexts/LanguageContext.tsx:155
[     397ms] [WARNING] Missing translation key: navigation:Documentation @ http://localhost:3000/src/contexts/LanguageContext.tsx:155
[     397ms] [WARNING] Missing translation key: navigation:pricing @ http://localhost:3000/src/contexts/LanguageContext.tsx:155
[     397ms] [WARNING] Missing translation key: navigation:login @ http://localhost:3000/src/contexts/LanguageContext.tsx:155
[     397ms] [WARNING] Missing translation key: navigation:signUp @ http://localhost:3000/src/contexts/LanguageContext.tsx:155
[     397ms] [WARNING] Missing translation key: common:subscriptionModal.title @ http://localhost:3000/src/contexts/LanguageContext.tsx:155
[     397ms] [WARNING] Missing translation key: common:subscriptionModal.defaultMessage @ http://localhost:3000/src/contexts/LanguageContext.tsx:155
[     397ms] [WARNING] Missing translation key: common:subscriptionModal.currentPlan @ http://localhost:3000/src/contexts/LanguageContext.tsx:155
[     397ms] [WARNING] Missing translation key: common:subscriptionModal.viewPricingPlans @ http://localhost:3000/src/contexts/LanguageContext.tsx:155
[     397ms] [WARNING] Missing translation key: common:subscriptionModal.upgradeNote @ http://localhost:3000/src/contexts/LanguageContext.tsx:155
[     397ms] [WARNING] Missing translation key: common:subscriptionModal.title @ http://localhost:3000/src/contexts/LanguageContext.tsx:155
[     397ms] [WARNING] Missing translation key: common:subscriptionModal.defaultMessage @ http://localhost:3000/src/contexts/LanguageContext.tsx:155
[     397ms] [WARNING] Missing translation key: common:subscriptionModal.currentPlan @ http://localhost:3000/src/contexts/LanguageContext.tsx:155
[     397ms] [WARNING] Missing translation key: common:subscriptionModal.viewPricingPlans @ http://localhost:3000/src/contexts/LanguageContext.tsx:155
[     397ms] [WARNING] Missing translation key: common:subscriptionModal.upgradeNote @ http://localhost:3000/src/contexts/LanguageContext.tsx:155
[   65834ms] [ERROR] Failed to load resource: net::ERR_CONNECTION_REFUSED @ http://localhost:3000/:0
[   66838ms] [ERROR] Failed to load resource: net::ERR_CONNECTION_REFUSED @ http://localhost:3000/:0
[   67841ms] [ERROR] Failed to load resource: net::ERR_CONNECTION_REFUSED @ http://localhost:3000/:0
[   68844ms] [ERROR] Failed to load resource: net::ERR_CONNECTION_REFUSED @ http://localhost:3000/:0
[   69846ms] [ERROR] Failed to load resource: net::ERR_CONNECTION_REFUSED @ http://localhost:3000/:0
[   70849ms] [ERROR] Failed to load resource: net::ERR_CONNECTION_REFUSED @ http://localhost:3000/:0
[   71852ms] [ERROR] Failed to load resource: net::ERR_CONNECTION_REFUSED @ http://localhost:3000/:0
[   72854ms] [ERROR] Failed to load resource: net::ERR_CONNECTION_REFUSED @ http://localhost:3000/:0
[   73858ms] [ERROR] Failed to load resource: net::ERR_CONNECTION_REFUSED @ http://localhost:3000/:0
